<?xml version="1.0" encoding="UTF-8"?>
<testng-results skipped="10" failed="1" total="13" passed="2">
  <reporter-output>
  </reporter-output>
  <suite name="SanitySuite" duration-ms="24465" started-at="2018-02-15T23:23:28Z" finished-at="2018-02-15T23:23:52Z">
    <groups>
    </groups>
    <test name="SanityTest" duration-ms="24465" started-at="2018-02-15T23:23:28Z" finished-at="2018-02-15T23:23:52Z">
      <class name="com.offersbyshop.tests.TestRegister">
        <test-method status="PASS" signature="beforeTest(java.lang.String)[pri:0, instance:com.offersbyshop.tests.TestRegister@11aa95a]" name="beforeTest" is-config="true" duration-ms="21533" started-at="2018-02-16T04:53:28Z" finished-at="2018-02-16T04:53:49Z">
          <params>
            <param index="0">
              <value>
                <![CDATA[chrome]]>
              </value>
            </param>
          </params>
          <reporter-output>
          </reporter-output>
        </test-method> <!-- beforeTest -->
        <test-method status="FAIL" signature="beforeMethod()[pri:0, instance:com.offersbyshop.tests.TestRegister@11aa95a]" name="beforeMethod" is-config="true" duration-ms="0" started-at="2018-02-16T04:53:51Z" finished-at="2018-02-16T04:53:51Z">
          <exception class="org.openqa.selenium.NoSuchElementException">
            <message>
              <![CDATA[no such element: Unable to locate element: {"method":"xpath","selector":"//div[@class='pm-content']"}
  (Session info: chrome=63.0.3239.132)
  (Driver info: chromedriver=2.35.528161 (5b82f2d2aae0ca24b877009200ced9065a772e73),platform=Windows NT 6.1.7600 x86) (WARNING: The server did not provide any stacktrace information)
Command duration or timeout: 94 milliseconds
For documentation on this error, please visit: http://seleniumhq.org/exceptions/no_such_element.html
Build info: version: '3.0.1', revision: '1969d75', time: '2016-10-18 09:49:13 -0700'
System info: host: 'my-PC', ip: '10.129.24.24', os.name: 'Windows 7', os.arch: 'x86', os.version: '6.1', java.version: '1.8.0_161'
Driver info: org.openqa.selenium.chrome.ChromeDriver
Capabilities [{applicationCacheEnabled=false, rotatable=false, mobileEmulationEnabled=false, networkConnectionEnabled=false, chrome={chromedriverVersion=2.35.528161 (5b82f2d2aae0ca24b877009200ced9065a772e73), userDataDir=C:\Users\my\AppData\Local\Temp\scoped_dir3280_2315}, takesHeapSnapshot=true, pageLoadStrategy=normal, databaseEnabled=false, handlesAlerts=true, hasTouchScreen=false, version=63.0.3239.132, platform=XP, browserConnectionEnabled=false, nativeEvents=true, acceptSslCerts=false, acceptInsecureCerts=false, locationContextEnabled=true, webStorageEnabled=true, browserName=chrome, takesScreenshot=true, javascriptEnabled=true, cssSelectorsEnabled=true, setWindowRect=true, unexpectedAlertBehaviour=}]
Session ID: 5135d4cd380d1ddfe2b9311a8c1b2c00
*** Element info: {Using=xpath, value=//div[@class='pm-content']}]]>
            </message>
            <full-stacktrace>
              <![CDATA[org.openqa.selenium.NoSuchElementException: no such element: Unable to locate element: {"method":"xpath","selector":"//div[@class='pm-content']"}
  (Session info: chrome=63.0.3239.132)
  (Driver info: chromedriver=2.35.528161 (5b82f2d2aae0ca24b877009200ced9065a772e73),platform=Windows NT 6.1.7600 x86) (WARNING: The server did not provide any stacktrace information)
Command duration or timeout: 94 milliseconds
For documentation on this error, please visit: http://seleniumhq.org/exceptions/no_such_element.html
Build info: version: '3.0.1', revision: '1969d75', time: '2016-10-18 09:49:13 -0700'
System info: host: 'my-PC', ip: '10.129.24.24', os.name: 'Windows 7', os.arch: 'x86', os.version: '6.1', java.version: '1.8.0_161'
Driver info: org.openqa.selenium.chrome.ChromeDriver
Capabilities [{applicationCacheEnabled=false, rotatable=false, mobileEmulationEnabled=false, networkConnectionEnabled=false, chrome={chromedriverVersion=2.35.528161 (5b82f2d2aae0ca24b877009200ced9065a772e73), userDataDir=C:\Users\my\AppData\Local\Temp\scoped_dir3280_2315}, takesHeapSnapshot=true, pageLoadStrategy=normal, databaseEnabled=false, handlesAlerts=true, hasTouchScreen=false, version=63.0.3239.132, platform=XP, browserConnectionEnabled=false, nativeEvents=true, acceptSslCerts=false, acceptInsecureCerts=false, locationContextEnabled=true, webStorageEnabled=true, browserName=chrome, takesScreenshot=true, javascriptEnabled=true, cssSelectorsEnabled=true, setWindowRect=true, unexpectedAlertBehaviour=}]
Session ID: 5135d4cd380d1ddfe2b9311a8c1b2c00
*** Element info: {Using=xpath, value=//div[@class='pm-content']}
	at sun.reflect.NativeConstructorAccessorImpl.newInstance0(Native Method)
	at sun.reflect.NativeConstructorAccessorImpl.newInstance(NativeConstructorAccessorImpl.java:62)
	at sun.reflect.DelegatingConstructorAccessorImpl.newInstance(DelegatingConstructorAccessorImpl.java:45)
	at java.lang.reflect.Constructor.newInstance(Constructor.java:423)
	at org.openqa.selenium.remote.ErrorHandler.createThrowable(ErrorHandler.java:216)
	at org.openqa.selenium.remote.ErrorHandler.throwIfResponseFailed(ErrorHandler.java:168)
	at org.openqa.selenium.remote.RemoteWebDriver.execute(RemoteWebDriver.java:635)
	at org.openqa.selenium.remote.RemoteWebDriver.findElement(RemoteWebDriver.java:368)
	at org.openqa.selenium.remote.RemoteWebDriver.findElementByXPath(RemoteWebDriver.java:473)
	at org.openqa.selenium.By$ByXPath.findElement(By.java:361)
	at org.openqa.selenium.remote.RemoteWebDriver.findElement(RemoteWebDriver.java:360)
	at org.openqa.selenium.support.pagefactory.DefaultElementLocator.findElement(DefaultElementLocator.java:69)
	at org.openqa.selenium.support.pagefactory.internal.LocatingElementHandler.invoke(LocatingElementHandler.java:38)
	at com.sun.proxy.$Proxy13.isDisplayed(Unknown Source)
	at com.offersbyshop.tests.TestRegister.beforeMethod(TestRegister.java:79)
	at sun.reflect.NativeMethodAccessorImpl.invoke0(Native Method)
	at sun.reflect.NativeMethodAccessorImpl.invoke(NativeMethodAccessorImpl.java:62)
	at sun.reflect.DelegatingMethodAccessorImpl.invoke(DelegatingMethodAccessorImpl.java:43)
	at java.lang.reflect.Method.invoke(Method.java:498)
	at org.testng.internal.MethodInvocationHelper.invokeMethod(MethodInvocationHelper.java:80)
	at org.testng.internal.Invoker.invokeConfigurationMethod(Invoker.java:564)
	at org.testng.internal.Invoker.invokeConfigurations(Invoker.java:213)
	at org.testng.internal.Invoker.invokeMethod(Invoker.java:653)
	at org.testng.internal.Invoker.invokeTestMethod(Invoker.java:901)
	at org.testng.internal.Invoker.invokeTestMethods(Invoker.java:1231)
	at org.testng.internal.TestMethodWorker.invokeTestMethods(TestMethodWorker.java:127)
	at org.testng.internal.TestMethodWorker.run(TestMethodWorker.java:111)
	at org.testng.TestRunner.privateRun(TestRunner.java:767)
	at org.testng.TestRunner.run(TestRunner.java:617)
	at org.testng.SuiteRunner.runTest(SuiteRunner.java:334)
	at org.testng.SuiteRunner.runSequentially(SuiteRunner.java:329)
	at org.testng.SuiteRunner.privateRun(SuiteRunner.java:291)
	at org.testng.SuiteRunner.run(SuiteRunner.java:240)
	at org.testng.SuiteRunnerWorker.runSuite(SuiteRunnerWorker.java:52)
	at org.testng.SuiteRunnerWorker.run(SuiteRunnerWorker.java:86)
	at org.testng.TestNG.runSuitesSequentially(TestNG.java:1198)
	at org.testng.TestNG.runSuitesLocally(TestNG.java:1123)
	at org.testng.TestNG.run(TestNG.java:1031)
	at org.testng.remote.AbstractRemoteTestNG.run(AbstractRemoteTestNG.java:114)
	at org.testng.remote.RemoteTestNG.initAndRun(RemoteTestNG.java:251)
	at org.testng.remote.RemoteTestNG.main(RemoteTestNG.java:77)
]]>
            </full-stacktrace>
          </exception> <!-- org.openqa.selenium.NoSuchElementException -->
          <reporter-output>
          </reporter-output>
        </test-method> <!-- beforeMethod -->
        <test-method status="SKIP" signature="registration(java.lang.String, java.lang.String, java.lang.String, java.lang.String, java.lang.String)[pri:0, instance:com.offersbyshop.tests.TestRegister@11aa95a]" name="registration" duration-ms="12" started-at="2018-02-16T04:53:52Z" data-provider="mytestData" finished-at="2018-02-16T04:53:52Z">
          <params>
            <param index="0">
              <value>
                <![CDATA[Invalid Email]]>
              </value>
            </param>
            <param index="1">
              <value>
                <![CDATA[test00011]]>
              </value>
            </param>
            <param index="2">
              <value>
                <![CDATA[Test1234]]>
              </value>
            </param>
            <param index="3">
              <value>
                <![CDATA[Test1234]]>
              </value>
            </param>
            <param index="4">
              <value>
                <![CDATA[test9876501mail.com]]>
              </value>
            </param>
          </params>
          <reporter-output>
          </reporter-output>
        </test-method> <!-- registration -->
        <test-method status="SKIP" signature="AfterMethod()[pri:0, instance:com.offersbyshop.tests.TestRegister@11aa95a]" name="AfterMethod" is-config="true" duration-ms="0" started-at="2018-02-16T04:53:52Z" finished-at="2018-02-16T04:53:52Z">
          <reporter-output>
          </reporter-output>
        </test-method> <!-- AfterMethod -->
        <test-method status="SKIP" signature="beforeMethod()[pri:0, instance:com.offersbyshop.tests.TestRegister@11aa95a]" name="beforeMethod" is-config="true" duration-ms="0" started-at="2018-02-16T04:53:52Z" finished-at="2018-02-16T04:53:52Z">
          <reporter-output>
          </reporter-output>
        </test-method> <!-- beforeMethod -->
        <test-method status="SKIP" signature="registration(java.lang.String, java.lang.String, java.lang.String, java.lang.String, java.lang.String)[pri:0, instance:com.offersbyshop.tests.TestRegister@11aa95a]" name="registration" duration-ms="2" started-at="2018-02-16T04:53:52Z" data-provider="mytestData" finished-at="2018-02-16T04:53:52Z">
          <params>
            <param index="0">
              <value>
                <![CDATA[Blank Email]]>
              </value>
            </param>
            <param index="1">
              <value>
                <![CDATA[test00012]]>
              </value>
            </param>
            <param index="2">
              <value>
                <![CDATA[Test1235]]>
              </value>
            </param>
            <param index="3">
              <value>
                <![CDATA[Test1235]]>
              </value>
            </param>
            <param index="4">
              <value is-null="true"/>
            </param>
          </params>
          <reporter-output>
          </reporter-output>
        </test-method> <!-- registration -->
        <test-method status="SKIP" signature="AfterMethod()[pri:0, instance:com.offersbyshop.tests.TestRegister@11aa95a]" name="AfterMethod" is-config="true" duration-ms="0" started-at="2018-02-16T04:53:52Z" finished-at="2018-02-16T04:53:52Z">
          <reporter-output>
          </reporter-output>
        </test-method> <!-- AfterMethod -->
        <test-method status="SKIP" signature="beforeMethod()[pri:0, instance:com.offersbyshop.tests.TestRegister@11aa95a]" name="beforeMethod" is-config="true" duration-ms="0" started-at="2018-02-16T04:53:52Z" finished-at="2018-02-16T04:53:52Z">
          <reporter-output>
          </reporter-output>
        </test-method> <!-- beforeMethod -->
        <test-method status="SKIP" signature="registration(java.lang.String, java.lang.String, java.lang.String, java.lang.String, java.lang.String)[pri:0, instance:com.offersbyshop.tests.TestRegister@11aa95a]" name="registration" duration-ms="2" started-at="2018-02-16T04:53:52Z" data-provider="mytestData" finished-at="2018-02-16T04:53:52Z">
          <params>
            <param index="0">
              <value>
                <![CDATA[Valid Data]]>
              </value>
            </param>
            <param index="1">
              <value>
                <![CDATA[test00013]]>
              </value>
            </param>
            <param index="2">
              <value>
                <![CDATA[Test1236]]>
              </value>
            </param>
            <param index="3">
              <value>
                <![CDATA[Test1236]]>
              </value>
            </param>
            <param index="4">
              <value>
                <![CDATA[test9876503@gmail.com]]>
              </value>
            </param>
          </params>
          <reporter-output>
          </reporter-output>
        </test-method> <!-- registration -->
        <test-method status="SKIP" signature="AfterMethod()[pri:0, instance:com.offersbyshop.tests.TestRegister@11aa95a]" name="AfterMethod" is-config="true" duration-ms="0" started-at="2018-02-16T04:53:52Z" finished-at="2018-02-16T04:53:52Z">
          <reporter-output>
          </reporter-output>
        </test-method> <!-- AfterMethod -->
        <test-method status="SKIP" signature="beforeMethod()[pri:0, instance:com.offersbyshop.tests.TestRegister@11aa95a]" name="beforeMethod" is-config="true" duration-ms="0" started-at="2018-02-16T04:53:52Z" finished-at="2018-02-16T04:53:52Z">
          <reporter-output>
          </reporter-output>
        </test-method> <!-- beforeMethod -->
        <test-method status="SKIP" signature="registration(java.lang.String, java.lang.String, java.lang.String, java.lang.String, java.lang.String)[pri:0, instance:com.offersbyshop.tests.TestRegister@11aa95a]" name="registration" duration-ms="4" started-at="2018-02-16T04:53:52Z" data-provider="mytestData" finished-at="2018-02-16T04:53:52Z">
          <params>
            <param index="0">
              <value>
                <![CDATA[Valid Data]]>
              </value>
            </param>
            <param index="1">
              <value>
                <![CDATA[test00014]]>
              </value>
            </param>
            <param index="2">
              <value>
                <![CDATA[Test1237]]>
              </value>
            </param>
            <param index="3">
              <value>
                <![CDATA[Test1237]]>
              </value>
            </param>
            <param index="4">
              <value>
                <![CDATA[test9876504@gmail.com]]>
              </value>
            </param>
          </params>
          <reporter-output>
          </reporter-output>
        </test-method> <!-- registration -->
        <test-method status="SKIP" signature="AfterMethod()[pri:0, instance:com.offersbyshop.tests.TestRegister@11aa95a]" name="AfterMethod" is-config="true" duration-ms="0" started-at="2018-02-16T04:53:52Z" finished-at="2018-02-16T04:53:52Z">
          <reporter-output>
          </reporter-output>
        </test-method> <!-- AfterMethod -->
        <test-method status="SKIP" signature="beforeMethod()[pri:0, instance:com.offersbyshop.tests.TestRegister@11aa95a]" name="beforeMethod" is-config="true" duration-ms="0" started-at="2018-02-16T04:53:52Z" finished-at="2018-02-16T04:53:52Z">
          <reporter-output>
          </reporter-output>
        </test-method> <!-- beforeMethod -->
        <test-method status="SKIP" signature="registration(java.lang.String, java.lang.String, java.lang.String, java.lang.String, java.lang.String)[pri:0, instance:com.offersbyshop.tests.TestRegister@11aa95a]" name="registration" duration-ms="3" started-at="2018-02-16T04:53:52Z" data-provider="mytestData" finished-at="2018-02-16T04:53:52Z">
          <params>
            <param index="0">
              <value>
                <![CDATA[Invalid ConfirmPassword]]>
              </value>
            </param>
            <param index="1">
              <value>
                <![CDATA[test00015]]>
              </value>
            </param>
            <param index="2">
              <value>
                <![CDATA[Test1238]]>
              </value>
            </param>
            <param index="3">
              <value>
                <![CDATA[wrong123]]>
              </value>
            </param>
            <param index="4">
              <value>
                <![CDATA[test9876505@gmail.com]]>
              </value>
            </param>
          </params>
          <reporter-output>
          </reporter-output>
        </test-method> <!-- registration -->
        <test-method status="SKIP" signature="AfterMethod()[pri:0, instance:com.offersbyshop.tests.TestRegister@11aa95a]" name="AfterMethod" is-config="true" duration-ms="0" started-at="2018-02-16T04:53:52Z" finished-at="2018-02-16T04:53:52Z">
          <reporter-output>
          </reporter-output>
        </test-method> <!-- AfterMethod -->
        <test-method status="SKIP" signature="beforeMethod()[pri:0, instance:com.offersbyshop.tests.TestRegister@11aa95a]" name="beforeMethod" is-config="true" duration-ms="0" started-at="2018-02-16T04:53:52Z" finished-at="2018-02-16T04:53:52Z">
          <reporter-output>
          </reporter-output>
        </test-method> <!-- beforeMethod -->
        <test-method status="SKIP" signature="registration(java.lang.String, java.lang.String, java.lang.String, java.lang.String, java.lang.String)[pri:0, instance:com.offersbyshop.tests.TestRegister@11aa95a]" name="registration" duration-ms="2" started-at="2018-02-16T04:53:52Z" data-provider="mytestData" finished-at="2018-02-16T04:53:52Z">
          <params>
            <param index="0">
              <value>
                <![CDATA[Blank Username]]>
              </value>
            </param>
            <param index="1">
              <value is-null="true"/>
            </param>
            <param index="2">
              <value is-null="true"/>
            </param>
            <param index="3">
              <value is-null="true"/>
            </param>
            <param index="4">
              <value is-null="true"/>
            </param>
          </params>
          <reporter-output>
          </reporter-output>
        </test-method> <!-- registration -->
        <test-method status="SKIP" signature="AfterMethod()[pri:0, instance:com.offersbyshop.tests.TestRegister@11aa95a]" name="AfterMethod" is-config="true" duration-ms="0" started-at="2018-02-16T04:53:52Z" finished-at="2018-02-16T04:53:52Z">
          <reporter-output>
          </reporter-output>
        </test-method> <!-- AfterMethod -->
        <test-method status="SKIP" signature="beforeMethod()[pri:0, instance:com.offersbyshop.tests.TestRegister@11aa95a]" name="beforeMethod" is-config="true" duration-ms="0" started-at="2018-02-16T04:53:52Z" finished-at="2018-02-16T04:53:52Z">
          <reporter-output>
          </reporter-output>
        </test-method> <!-- beforeMethod -->
        <test-method status="SKIP" signature="registration(java.lang.String, java.lang.String, java.lang.String, java.lang.String, java.lang.String)[pri:0, instance:com.offersbyshop.tests.TestRegister@11aa95a]" name="registration" duration-ms="3" started-at="2018-02-16T04:53:52Z" data-provider="mytestData" finished-at="2018-02-16T04:53:52Z">
          <params>
            <param index="0">
              <value is-null="true"/>
            </param>
            <param index="1">
              <value is-null="true"/>
            </param>
            <param index="2">
              <value is-null="true"/>
            </param>
            <param index="3">
              <value is-null="true"/>
            </param>
            <param index="4">
              <value is-null="true"/>
            </param>
          </params>
          <reporter-output>
          </reporter-output>
        </test-method> <!-- registration -->
        <test-method status="SKIP" signature="AfterMethod()[pri:0, instance:com.offersbyshop.tests.TestRegister@11aa95a]" name="AfterMethod" is-config="true" duration-ms="0" started-at="2018-02-16T04:53:52Z" finished-at="2018-02-16T04:53:52Z">
          <reporter-output>
          </reporter-output>
        </test-method> <!-- AfterMethod -->
        <test-method status="SKIP" signature="beforeMethod()[pri:0, instance:com.offersbyshop.tests.TestRegister@11aa95a]" name="beforeMethod" is-config="true" duration-ms="0" started-at="2018-02-16T04:53:52Z" finished-at="2018-02-16T04:53:52Z">
          <reporter-output>
          </reporter-output>
        </test-method> <!-- beforeMethod -->
        <test-method status="SKIP" signature="registration(java.lang.String, java.lang.String, java.lang.String, java.lang.String, java.lang.String)[pri:0, instance:com.offersbyshop.tests.TestRegister@11aa95a]" name="registration" duration-ms="1" started-at="2018-02-16T04:53:52Z" data-provider="mytestData" finished-at="2018-02-16T04:53:52Z">
          <params>
            <param index="0">
              <value is-null="true"/>
            </param>
            <param index="1">
              <value is-null="true"/>
            </param>
            <param index="2">
              <value is-null="true"/>
            </param>
            <param index="3">
              <value is-null="true"/>
            </param>
            <param index="4">
              <value is-null="true"/>
            </param>
          </params>
          <reporter-output>
          </reporter-output>
        </test-method> <!-- registration -->
        <test-method status="SKIP" signature="AfterMethod()[pri:0, instance:com.offersbyshop.tests.TestRegister@11aa95a]" name="AfterMethod" is-config="true" duration-ms="0" started-at="2018-02-16T04:53:52Z" finished-at="2018-02-16T04:53:52Z">
          <reporter-output>
          </reporter-output>
        </test-method> <!-- AfterMethod -->
        <test-method status="SKIP" signature="beforeMethod()[pri:0, instance:com.offersbyshop.tests.TestRegister@11aa95a]" name="beforeMethod" is-config="true" duration-ms="0" started-at="2018-02-16T04:53:52Z" finished-at="2018-02-16T04:53:52Z">
          <reporter-output>
          </reporter-output>
        </test-method> <!-- beforeMethod -->
        <test-method status="SKIP" signature="registration(java.lang.String, java.lang.String, java.lang.String, java.lang.String, java.lang.String)[pri:0, instance:com.offersbyshop.tests.TestRegister@11aa95a]" name="registration" duration-ms="2" started-at="2018-02-16T04:53:52Z" data-provider="mytestData" finished-at="2018-02-16T04:53:52Z">
          <params>
            <param index="0">
              <value is-null="true"/>
            </param>
            <param index="1">
              <value is-null="true"/>
            </param>
            <param index="2">
              <value is-null="true"/>
            </param>
            <param index="3">
              <value is-null="true"/>
            </param>
            <param index="4">
              <value is-null="true"/>
            </param>
          </params>
          <reporter-output>
          </reporter-output>
        </test-method> <!-- registration -->
        <test-method status="SKIP" signature="AfterMethod()[pri:0, instance:com.offersbyshop.tests.TestRegister@11aa95a]" name="AfterMethod" is-config="true" duration-ms="0" started-at="2018-02-16T04:53:52Z" finished-at="2018-02-16T04:53:52Z">
          <reporter-output>
          </reporter-output>
        </test-method> <!-- AfterMethod -->
        <test-method status="SKIP" signature="beforeMethod()[pri:0, instance:com.offersbyshop.tests.TestRegister@11aa95a]" name="beforeMethod" is-config="true" duration-ms="0" started-at="2018-02-16T04:53:52Z" finished-at="2018-02-16T04:53:52Z">
          <reporter-output>
          </reporter-output>
        </test-method> <!-- beforeMethod -->
        <test-method status="SKIP" signature="registration(java.lang.String, java.lang.String, java.lang.String, java.lang.String, java.lang.String)[pri:0, instance:com.offersbyshop.tests.TestRegister@11aa95a]" name="registration" duration-ms="2" started-at="2018-02-16T04:53:52Z" data-provider="mytestData" finished-at="2018-02-16T04:53:52Z">
          <params>
            <param index="0">
              <value is-null="true"/>
            </param>
            <param index="1">
              <value is-null="true"/>
            </param>
            <param index="2">
              <value is-null="true"/>
            </param>
            <param index="3">
              <value is-null="true"/>
            </param>
            <param index="4">
              <value is-null="true"/>
            </param>
          </params>
          <reporter-output>
          </reporter-output>
        </test-method> <!-- registration -->
        <test-method status="SKIP" signature="AfterMethod()[pri:0, instance:com.offersbyshop.tests.TestRegister@11aa95a]" name="AfterMethod" is-config="true" duration-ms="0" started-at="2018-02-16T04:53:52Z" finished-at="2018-02-16T04:53:52Z">
          <reporter-output>
          </reporter-output>
        </test-method> <!-- AfterMethod -->
        <test-method status="SKIP" signature="afterTest()[pri:0, instance:com.offersbyshop.tests.TestRegister@11aa95a]" name="afterTest" is-config="true" duration-ms="0" started-at="2018-02-16T04:53:52Z" finished-at="2018-02-16T04:53:52Z">
          <reporter-output>
          </reporter-output>
        </test-method> <!-- afterTest -->
      </class> <!-- com.offersbyshop.tests.TestRegister -->
      <class name="com.offersbyshop.tests.TestDataProvider">
        <test-method status="PASS" signature="beforeMethod()[pri:0, instance:com.offersbyshop.tests.TestDataProvider@18486a3]" name="beforeMethod" is-config="true" duration-ms="1" started-at="2018-02-16T04:53:52Z" finished-at="2018-02-16T04:53:52Z">
          <reporter-output>
          </reporter-output>
        </test-method> <!-- beforeMethod -->
        <test-method status="PASS" signature="f(java.lang.String, java.lang.String)[pri:0, instance:com.offersbyshop.tests.TestDataProvider@18486a3]" name="f" duration-ms="9" started-at="2018-02-16T04:53:52Z" data-provider="dp" finished-at="2018-02-16T04:53:52Z">
          <params>
            <param index="0">
              <value>
                <![CDATA[user1]]>
              </value>
            </param>
            <param index="1">
              <value>
                <![CDATA[pwd1]]>
              </value>
            </param>
          </params>
          <reporter-output>
          </reporter-output>
        </test-method> <!-- f -->
        <test-method status="PASS" signature="afterMethod()[pri:0, instance:com.offersbyshop.tests.TestDataProvider@18486a3]" name="afterMethod" is-config="true" duration-ms="1" started-at="2018-02-16T04:53:52Z" finished-at="2018-02-16T04:53:52Z">
          <reporter-output>
          </reporter-output>
        </test-method> <!-- afterMethod -->
        <test-method status="FAIL" signature="f(java.lang.String, java.lang.String)[pri:0, instance:com.offersbyshop.tests.TestDataProvider@18486a3]" name="f" duration-ms="4" started-at="2018-02-16T04:53:52Z" data-provider="dp" finished-at="2018-02-16T04:53:52Z">
          <params>
            <param index="0">
              <value>
                <![CDATA[user2]]>
              </value>
            </param>
            <param index="1">
              <value>
                <![CDATA[pwd2]]>
              </value>
            </param>
          </params>
          <exception class="java.lang.AssertionError">
            <message>
              <![CDATA[expected [user1] but found [user2]]]>
            </message>
            <full-stacktrace>
              <![CDATA[java.lang.AssertionError: expected [user1] but found [user2]
	at org.testng.Assert.fail(Assert.java:94)
	at org.testng.Assert.failNotEquals(Assert.java:494)
	at org.testng.Assert.assertEquals(Assert.java:123)
	at org.testng.Assert.assertEquals(Assert.java:176)
	at org.testng.Assert.assertEquals(Assert.java:186)
	at com.offersbyshop.tests.TestDataProvider.f(TestDataProvider.java:14)
	at sun.reflect.NativeMethodAccessorImpl.invoke0(Native Method)
	at sun.reflect.NativeMethodAccessorImpl.invoke(NativeMethodAccessorImpl.java:62)
	at sun.reflect.DelegatingMethodAccessorImpl.invoke(DelegatingMethodAccessorImpl.java:43)
	at java.lang.reflect.Method.invoke(Method.java:498)
	at org.testng.internal.MethodInvocationHelper.invokeMethod(MethodInvocationHelper.java:80)
	at org.testng.internal.Invoker.invokeMethod(Invoker.java:714)
	at org.testng.internal.Invoker.invokeTestMethod(Invoker.java:901)
	at org.testng.internal.Invoker.invokeTestMethods(Invoker.java:1231)
	at org.testng.internal.TestMethodWorker.invokeTestMethods(TestMethodWorker.java:127)
	at org.testng.internal.TestMethodWorker.run(TestMethodWorker.java:111)
	at org.testng.TestRunner.privateRun(TestRunner.java:767)
	at org.testng.TestRunner.run(TestRunner.java:617)
	at org.testng.SuiteRunner.runTest(SuiteRunner.java:334)
	at org.testng.SuiteRunner.runSequentially(SuiteRunner.java:329)
	at org.testng.SuiteRunner.privateRun(SuiteRunner.java:291)
	at org.testng.SuiteRunner.run(SuiteRunner.java:240)
	at org.testng.SuiteRunnerWorker.runSuite(SuiteRunnerWorker.java:52)
	at org.testng.SuiteRunnerWorker.run(SuiteRunnerWorker.java:86)
	at org.testng.TestNG.runSuitesSequentially(TestNG.java:1198)
	at org.testng.TestNG.runSuitesLocally(TestNG.java:1123)
	at org.testng.TestNG.run(TestNG.java:1031)
	at org.testng.remote.AbstractRemoteTestNG.run(AbstractRemoteTestNG.java:114)
	at org.testng.remote.RemoteTestNG.initAndRun(RemoteTestNG.java:251)
	at org.testng.remote.RemoteTestNG.main(RemoteTestNG.java:77)
]]>
            </full-stacktrace>
          </exception> <!-- java.lang.AssertionError -->
          <reporter-output>
          </reporter-output>
        </test-method> <!-- f -->
        <test-method status="PASS" signature="beforeMethod()[pri:0, instance:com.offersbyshop.tests.TestDataProvider@18486a3]" name="beforeMethod" is-config="true" duration-ms="0" started-at="2018-02-16T04:53:52Z" finished-at="2018-02-16T04:53:52Z">
          <reporter-output>
          </reporter-output>
        </test-method> <!-- beforeMethod -->
        <test-method status="PASS" signature="afterMethod()[pri:0, instance:com.offersbyshop.tests.TestDataProvider@18486a3]" name="afterMethod" is-config="true" duration-ms="2" started-at="2018-02-16T04:53:52Z" finished-at="2018-02-16T04:53:52Z">
          <reporter-output>
          </reporter-output>
        </test-method> <!-- afterMethod -->
      </class> <!-- com.offersbyshop.tests.TestDataProvider -->
      <class name="com.offersbyshop.tests.TestExtent">
        <test-method status="PASS" signature="beforeSuite()[pri:0, instance:com.offersbyshop.tests.TestExtent@1f8bee4]" name="beforeSuite" is-config="true" duration-ms="667" started-at="2018-02-16T04:53:27Z" finished-at="2018-02-16T04:53:28Z">
          <reporter-output>
          </reporter-output>
        </test-method> <!-- beforeSuite -->
        <test-method status="PASS" signature="beforeSuite()[pri:0, instance:com.offersbyshop.tests.TestRegister@11aa95a]" name="beforeSuite" is-config="true" duration-ms="15" started-at="2018-02-16T04:53:28Z" finished-at="2018-02-16T04:53:28Z">
          <reporter-output>
          </reporter-output>
        </test-method> <!-- beforeSuite -->
        <test-method status="PASS" signature="method1()[pri:0, instance:com.offersbyshop.tests.TestExtent@1f8bee4]" name="method1" duration-ms="34" started-at="2018-02-16T04:53:52Z" finished-at="2018-02-16T04:53:52Z">
          <reporter-output>
          </reporter-output>
        </test-method> <!-- method1 -->
        <test-method status="SKIP" signature="aftersuite()[pri:0, instance:com.offersbyshop.tests.TestExtent@1f8bee4]" name="aftersuite" is-config="true" duration-ms="0" started-at="2018-02-16T04:53:52Z" finished-at="2018-02-16T04:53:52Z">
          <reporter-output>
          </reporter-output>
        </test-method> <!-- aftersuite -->
        <test-method status="SKIP" signature="aftersuite()[pri:0, instance:com.offersbyshop.tests.TestRegister@11aa95a]" name="aftersuite" is-config="true" duration-ms="0" started-at="2018-02-16T04:53:52Z" finished-at="2018-02-16T04:53:52Z">
          <reporter-output>
          </reporter-output>
        </test-method> <!-- aftersuite -->
      </class> <!-- com.offersbyshop.tests.TestExtent -->
    </test> <!-- SanityTest -->
  </suite> <!-- SanitySuite -->
</testng-results>
