<?xml version="1.0" encoding="UTF-8"?>
<!-- Generated by org.testng.reporters.JUnitXMLReporter -->
<testsuite hostname="my-PC" name="SanityTest" tests="13" failures="1" timestamp="15 Feb 2018 23:23:52 GMT" time="24.465" errors="0">
  <testcase name="@BeforeMethod beforeMethod" time="0.0" classname="com.offersbyshop.tests.TestRegister">
    <failure type="org.openqa.selenium.NoSuchElementException" message="no such element: Unable to locate element: {&amp;quot;method&amp;quot;:&amp;quot;xpath&amp;quot;,&amp;quot;selector&amp;quot;:&amp;quot;//div[@class=&amp;apos;pm-content&amp;apos;]&amp;quot;}
  (Session info: chrome=63.0.3239.132)
  (Driver info: chromedriver=2.35.528161 (5b82f2d2aae0ca24b877009200ced9065a772e73),platform=Windows NT 6.1.7600 x86) (WARNING: The server did not provide any stacktrace information)
Command duration or timeout: 94 milliseconds
For documentation on this error, please visit: http://seleniumhq.org/exceptions/no_such_element.html
Build info: version: &amp;apos;3.0.1&amp;apos;, revision: &amp;apos;1969d75&amp;apos;, time: &amp;apos;2016-10-18 09:49:13 -0700&amp;apos;
System info: host: &amp;apos;my-PC&amp;apos;, ip: &amp;apos;10.129.24.24&amp;apos;, os.name: &amp;apos;Windows 7&amp;apos;, os.arch: &amp;apos;x86&amp;apos;, os.version: &amp;apos;6.1&amp;apos;, java.version: &amp;apos;1.8.0_161&amp;apos;
Driver info: org.openqa.selenium.chrome.ChromeDriver
Capabilities [{applicationCacheEnabled=false, rotatable=false, mobileEmulationEnabled=false, networkConnectionEnabled=false, chrome={chromedriverVersion=2.35.528161 (5b82f2d2aae0ca24b877009200ced9065a772e73), userDataDir=C:\Users\my\AppData\Local\Temp\scoped_dir3280_2315}, takesHeapSnapshot=true, pageLoadStrategy=normal, databaseEnabled=false, handlesAlerts=true, hasTouchScreen=false, version=63.0.3239.132, platform=XP, browserConnectionEnabled=false, nativeEvents=true, acceptSslCerts=false, acceptInsecureCerts=false, locationContextEnabled=true, webStorageEnabled=true, browserName=chrome, takesScreenshot=true, javascriptEnabled=true, cssSelectorsEnabled=true, setWindowRect=true, unexpectedAlertBehaviour=}]
Session ID: 5135d4cd380d1ddfe2b9311a8c1b2c00
*** Element info: {Using=xpath, value=//div[@class=&amp;apos;pm-content&amp;apos;]}">
      <![CDATA[org.openqa.selenium.NoSuchElementException: no such element: Unable to locate element: {"method":"xpath","selector":"//div[@class='pm-content']"}
  (Session info: chrome=63.0.3239.132)
  (Driver info: chromedriver=2.35.528161 (5b82f2d2aae0ca24b877009200ced9065a772e73),platform=Windows NT 6.1.7600 x86) (WARNING: The server did not provide any stacktrace information)
Command duration or timeout: 94 milliseconds
For documentation on this error, please visit: http://seleniumhq.org/exceptions/no_such_element.html
Build info: version: '3.0.1', revision: '1969d75', time: '2016-10-18 09:49:13 -0700'
System info: host: 'my-PC', ip: '10.129.24.24', os.name: 'Windows 7', os.arch: 'x86', os.version: '6.1', java.version: '1.8.0_161'
Driver info: org.openqa.selenium.chrome.ChromeDriver
Capabilities [{applicationCacheEnabled=false, rotatable=false, mobileEmulationEnabled=false, networkConnectionEnabled=false, chrome={chromedriverVersion=2.35.528161 (5b82f2d2aae0ca24b877009200ced9065a772e73), userDataDir=C:\Users\my\AppData\Local\Temp\scoped_dir3280_2315}, takesHeapSnapshot=true, pageLoadStrategy=normal, databaseEnabled=false, handlesAlerts=true, hasTouchScreen=false, version=63.0.3239.132, platform=XP, browserConnectionEnabled=false, nativeEvents=true, acceptSslCerts=false, acceptInsecureCerts=false, locationContextEnabled=true, webStorageEnabled=true, browserName=chrome, takesScreenshot=true, javascriptEnabled=true, cssSelectorsEnabled=true, setWindowRect=true, unexpectedAlertBehaviour=}]
Session ID: 5135d4cd380d1ddfe2b9311a8c1b2c00
*** Element info: {Using=xpath, value=//div[@class='pm-content']}
	at org.openqa.selenium.remote.ErrorHandler.createThrowable(ErrorHandler.java:216)
	at org.openqa.selenium.remote.ErrorHandler.throwIfResponseFailed(ErrorHandler.java:168)
	at org.openqa.selenium.remote.RemoteWebDriver.execute(RemoteWebDriver.java:635)
	at org.openqa.selenium.remote.RemoteWebDriver.findElement(RemoteWebDriver.java:368)
	at org.openqa.selenium.remote.RemoteWebDriver.findElementByXPath(RemoteWebDriver.java:473)
	at org.openqa.selenium.By$ByXPath.findElement(By.java:361)
	at org.openqa.selenium.remote.RemoteWebDriver.findElement(RemoteWebDriver.java:360)
	at org.openqa.selenium.support.pagefactory.DefaultElementLocator.findElement(DefaultElementLocator.java:69)
	at org.openqa.selenium.support.pagefactory.internal.LocatingElementHandler.invoke(LocatingElementHandler.java:38)
	at com.sun.proxy.$Proxy13.isDisplayed(Unknown Source)
	at com.offersbyshop.tests.TestRegister.beforeMethod(TestRegister.java:79)
... Removed 30 stack frames]]>
    </failure>
  </testcase> <!-- @BeforeMethod beforeMethod -->
  <testcase name="@AfterMethod AfterMethod" time="0.0" classname="com.offersbyshop.tests.TestRegister">
    <skipped/>
  </testcase> <!-- @AfterMethod AfterMethod -->
  <testcase name="@BeforeMethod beforeMethod" time="0.0" classname="com.offersbyshop.tests.TestRegister">
    <skipped/>
  </testcase> <!-- @BeforeMethod beforeMethod -->
  <testcase name="@AfterMethod AfterMethod" time="0.0" classname="com.offersbyshop.tests.TestRegister">
    <skipped/>
  </testcase> <!-- @AfterMethod AfterMethod -->
  <testcase name="@BeforeMethod beforeMethod" time="0.0" classname="com.offersbyshop.tests.TestRegister">
    <skipped/>
  </testcase> <!-- @BeforeMethod beforeMethod -->
  <testcase name="@AfterMethod AfterMethod" time="0.0" classname="com.offersbyshop.tests.TestRegister">
    <skipped/>
  </testcase> <!-- @AfterMethod AfterMethod -->
  <testcase name="@BeforeMethod beforeMethod" time="0.0" classname="com.offersbyshop.tests.TestRegister">
    <skipped/>
  </testcase> <!-- @BeforeMethod beforeMethod -->
  <testcase name="@AfterMethod AfterMethod" time="0.0" classname="com.offersbyshop.tests.TestRegister">
    <skipped/>
  </testcase> <!-- @AfterMethod AfterMethod -->
  <testcase name="@BeforeMethod beforeMethod" time="0.0" classname="com.offersbyshop.tests.TestRegister">
    <skipped/>
  </testcase> <!-- @BeforeMethod beforeMethod -->
  <testcase name="@AfterMethod AfterMethod" time="0.0" classname="com.offersbyshop.tests.TestRegister">
    <skipped/>
  </testcase> <!-- @AfterMethod AfterMethod -->
  <testcase name="@BeforeMethod beforeMethod" time="0.0" classname="com.offersbyshop.tests.TestRegister">
    <skipped/>
  </testcase> <!-- @BeforeMethod beforeMethod -->
  <testcase name="@AfterMethod AfterMethod" time="0.0" classname="com.offersbyshop.tests.TestRegister">
    <skipped/>
  </testcase> <!-- @AfterMethod AfterMethod -->
  <testcase name="@BeforeMethod beforeMethod" time="0.0" classname="com.offersbyshop.tests.TestRegister">
    <skipped/>
  </testcase> <!-- @BeforeMethod beforeMethod -->
  <testcase name="@AfterMethod AfterMethod" time="0.0" classname="com.offersbyshop.tests.TestRegister">
    <skipped/>
  </testcase> <!-- @AfterMethod AfterMethod -->
  <testcase name="@BeforeMethod beforeMethod" time="0.0" classname="com.offersbyshop.tests.TestRegister">
    <skipped/>
  </testcase> <!-- @BeforeMethod beforeMethod -->
  <testcase name="@AfterMethod AfterMethod" time="0.0" classname="com.offersbyshop.tests.TestRegister">
    <skipped/>
  </testcase> <!-- @AfterMethod AfterMethod -->
  <testcase name="@BeforeMethod beforeMethod" time="0.0" classname="com.offersbyshop.tests.TestRegister">
    <skipped/>
  </testcase> <!-- @BeforeMethod beforeMethod -->
  <testcase name="@AfterMethod AfterMethod" time="0.0" classname="com.offersbyshop.tests.TestRegister">
    <skipped/>
  </testcase> <!-- @AfterMethod AfterMethod -->
  <testcase name="@BeforeMethod beforeMethod" time="0.0" classname="com.offersbyshop.tests.TestRegister">
    <skipped/>
  </testcase> <!-- @BeforeMethod beforeMethod -->
  <testcase name="@AfterMethod AfterMethod" time="0.0" classname="com.offersbyshop.tests.TestRegister">
    <skipped/>
  </testcase> <!-- @AfterMethod AfterMethod -->
  <testcase name="@AfterTest afterTest" time="0.0" classname="com.offersbyshop.tests.TestRegister">
    <skipped/>
  </testcase> <!-- @AfterTest afterTest -->
  <testcase name="registration" time="0.012" classname="com.offersbyshop.tests.TestRegister">
    <skipped/>
  </testcase> <!-- registration -->
  <testcase name="registration" time="0.002" classname="com.offersbyshop.tests.TestRegister">
    <skipped/>
  </testcase> <!-- registration -->
  <testcase name="registration" time="0.002" classname="com.offersbyshop.tests.TestRegister">
    <skipped/>
  </testcase> <!-- registration -->
  <testcase name="registration" time="0.004" classname="com.offersbyshop.tests.TestRegister">
    <skipped/>
  </testcase> <!-- registration -->
  <testcase name="registration" time="0.003" classname="com.offersbyshop.tests.TestRegister">
    <skipped/>
  </testcase> <!-- registration -->
  <testcase name="registration" time="0.002" classname="com.offersbyshop.tests.TestRegister">
    <skipped/>
  </testcase> <!-- registration -->
  <testcase name="registration" time="0.003" classname="com.offersbyshop.tests.TestRegister">
    <skipped/>
  </testcase> <!-- registration -->
  <testcase name="registration" time="0.001" classname="com.offersbyshop.tests.TestRegister">
    <skipped/>
  </testcase> <!-- registration -->
  <testcase name="registration" time="0.002" classname="com.offersbyshop.tests.TestRegister">
    <skipped/>
  </testcase> <!-- registration -->
  <testcase name="registration" time="0.002" classname="com.offersbyshop.tests.TestRegister">
    <skipped/>
  </testcase> <!-- registration -->
  <testcase name="method1" time="0.034" classname="com.offersbyshop.tests.TestExtent"/>
  <testcase name="f" time="0.009" classname="com.offersbyshop.tests.TestDataProvider"/>
  <testcase name="f" time="0.004" classname="com.offersbyshop.tests.TestDataProvider">
    <failure type="java.lang.AssertionError" message="expected [user1] but found [user2]">
      <![CDATA[java.lang.AssertionError: expected [user1] but found [user2]
	at com.offersbyshop.tests.TestDataProvider.f(TestDataProvider.java:14)
... Removed 29 stack frames]]>
    </failure>
  </testcase> <!-- f -->
</testsuite> <!-- SanityTest -->
